2025-09-24 13:40:46,143 DEBUG    root            Loaded Command Group: ['gcloud', 'components']
2025-09-24 13:40:46,147 DEBUG    root            Loaded Command Group: ['gcloud', 'components', 'update']
2025-09-24 13:40:46,149 DEBUG    root            Running [gcloud.components.update] with arguments: [--compile-python: "True", --quiet: "True", COMPONENT-IDS:6: "['core', 'gcloud-deps', 'bq', 'gcloud', 'gcloud-crc32c', 'gsutil']"]
2025-09-24 13:40:46,150 INFO     ___FILE_ONLY___ Beginning update. This process may take several minutes.

2025-09-24 13:40:46,186 DEBUG    urllib3.connectionpool Starting new HTTPS connection (1): dl.google.com:443
2025-09-24 13:40:46,202 DEBUG    urllib3.connectionpool https://dl.google.com:443 "GET /dl/cloudsdk/channels/rapid/components-2.json HTTP/11" 200 233149
2025-09-24 13:40:46,214 INFO     ___FILE_ONLY___ 

2025-09-24 13:40:46,214 INFO     ___FILE_ONLY___ 
Your current Google Cloud CLI version is: 540.0.0

2025-09-24 13:40:46,215 INFO     ___FILE_ONLY___ Installing components from version: 540.0.0

2025-09-24 13:40:46,215 INFO     ___FILE_ONLY___ 

2025-09-24 13:40:46,215 DEBUG    root            Chosen display Format:table[box,title="These components will be removed."](details.display_name:label=Name:align=left,version.version_string:label=Version:align=right,data.size.size(zero="",min=1048576):label=Size:align=right)
2025-09-24 13:40:46,216 DEBUG    root            Chosen display Format:table[box,title="These components will be updated."](details.display_name:label=Name:align=left,version.version_string:label=Version:align=right,data.size.size(zero="",min=1048576):label=Size:align=right)
2025-09-24 13:40:46,217 DEBUG    root            Chosen display Format:table[box,title="These components will be installed."](details.display_name:label=Name:align=left,version.version_string:label=Version:align=right,data.size.size(zero="",min=1048576):label=Size:align=right)
2025-09-24 13:40:46,262 INFO     ___FILE_ONLY___ ┌─────────────────────────────────────────────────────────────────────────────┐
2025-09-24 13:40:46,262 INFO     ___FILE_ONLY___ 

2025-09-24 13:40:46,262 INFO     ___FILE_ONLY___ │                     These components will be installed.                     │
2025-09-24 13:40:46,263 INFO     ___FILE_ONLY___ 

2025-09-24 13:40:46,263 INFO     ___FILE_ONLY___ ├─────────────────────────────────────────────────────┬────────────┬──────────┤
2025-09-24 13:40:46,263 INFO     ___FILE_ONLY___ 

2025-09-24 13:40:46,263 INFO     ___FILE_ONLY___ │                         Name                        │  Version   │   Size   │
2025-09-24 13:40:46,263 INFO     ___FILE_ONLY___ 

2025-09-24 13:40:46,263 INFO     ___FILE_ONLY___ ├─────────────────────────────────────────────────────┼────────────┼──────────┤
2025-09-24 13:40:46,263 INFO     ___FILE_ONLY___ 

2025-09-24 13:40:46,263 INFO     ___FILE_ONLY___ │ 
2025-09-24 13:40:46,263 INFO     ___FILE_ONLY___ BigQuery Command Line Tool                         
2025-09-24 13:40:46,263 INFO     ___FILE_ONLY___  
2025-09-24 13:40:46,263 INFO     ___FILE_ONLY___ │ 
2025-09-24 13:40:46,263 INFO     ___FILE_ONLY___     2.1.23
2025-09-24 13:40:46,263 INFO     ___FILE_ONLY___  
2025-09-24 13:40:46,263 INFO     ___FILE_ONLY___ │ 
2025-09-24 13:40:46,263 INFO     ___FILE_ONLY___  1.8 MiB
2025-09-24 13:40:46,263 INFO     ___FILE_ONLY___  
2025-09-24 13:40:46,263 INFO     ___FILE_ONLY___ │
2025-09-24 13:40:46,263 INFO     ___FILE_ONLY___ 

2025-09-24 13:40:46,263 INFO     ___FILE_ONLY___ │ 
2025-09-24 13:40:46,264 INFO     ___FILE_ONLY___ BigQuery Command Line Tool (Platform Specific)     
2025-09-24 13:40:46,264 INFO     ___FILE_ONLY___  
2025-09-24 13:40:46,264 INFO     ___FILE_ONLY___ │ 
2025-09-24 13:40:46,264 INFO     ___FILE_ONLY___     2.1.17
2025-09-24 13:40:46,264 INFO     ___FILE_ONLY___  
2025-09-24 13:40:46,264 INFO     ___FILE_ONLY___ │ 
2025-09-24 13:40:46,264 INFO     ___FILE_ONLY___  < 1 MiB
2025-09-24 13:40:46,264 INFO     ___FILE_ONLY___  
2025-09-24 13:40:46,264 INFO     ___FILE_ONLY___ │
2025-09-24 13:40:46,264 INFO     ___FILE_ONLY___ 

2025-09-24 13:40:46,264 INFO     ___FILE_ONLY___ │ 
2025-09-24 13:40:46,264 INFO     ___FILE_ONLY___ Bundled Python 3.12 (Platform Specific)            
2025-09-24 13:40:46,264 INFO     ___FILE_ONLY___  
2025-09-24 13:40:46,264 INFO     ___FILE_ONLY___ │ 
2025-09-24 13:40:46,264 INFO     ___FILE_ONLY___     3.12.9
2025-09-24 13:40:46,264 INFO     ___FILE_ONLY___  
2025-09-24 13:40:46,264 INFO     ___FILE_ONLY___ │ 
2025-09-24 13:40:46,264 INFO     ___FILE_ONLY___ 89.3 MiB
2025-09-24 13:40:46,264 INFO     ___FILE_ONLY___  
2025-09-24 13:40:46,264 INFO     ___FILE_ONLY___ │
2025-09-24 13:40:46,265 INFO     ___FILE_ONLY___ 

2025-09-24 13:40:46,265 INFO     ___FILE_ONLY___ │ 
2025-09-24 13:40:46,265 INFO     ___FILE_ONLY___ Cloud Storage Command Line Tool                    
2025-09-24 13:40:46,265 INFO     ___FILE_ONLY___  
2025-09-24 13:40:46,265 INFO     ___FILE_ONLY___ │ 
2025-09-24 13:40:46,265 INFO     ___FILE_ONLY___       5.35
2025-09-24 13:40:46,265 INFO     ___FILE_ONLY___  
2025-09-24 13:40:46,265 INFO     ___FILE_ONLY___ │ 
2025-09-24 13:40:46,265 INFO     ___FILE_ONLY___ 12.4 MiB
2025-09-24 13:40:46,265 INFO     ___FILE_ONLY___  
2025-09-24 13:40:46,265 INFO     ___FILE_ONLY___ │
2025-09-24 13:40:46,265 INFO     ___FILE_ONLY___ 

2025-09-24 13:40:46,265 INFO     ___FILE_ONLY___ │ 
2025-09-24 13:40:46,265 INFO     ___FILE_ONLY___ Cloud Storage Command Line Tool (Platform Specific)
2025-09-24 13:40:46,265 INFO     ___FILE_ONLY___  
2025-09-24 13:40:46,265 INFO     ___FILE_ONLY___ │ 
2025-09-24 13:40:46,265 INFO     ___FILE_ONLY___       5.34
2025-09-24 13:40:46,265 INFO     ___FILE_ONLY___  
2025-09-24 13:40:46,265 INFO     ___FILE_ONLY___ │ 
2025-09-24 13:40:46,265 INFO     ___FILE_ONLY___  < 1 MiB
2025-09-24 13:40:46,265 INFO     ___FILE_ONLY___  
2025-09-24 13:40:46,266 INFO     ___FILE_ONLY___ │
2025-09-24 13:40:46,266 INFO     ___FILE_ONLY___ 

2025-09-24 13:40:46,266 INFO     ___FILE_ONLY___ │ 
2025-09-24 13:40:46,266 INFO     ___FILE_ONLY___ Google Cloud CLI Core Libraries (Platform Specific)
2025-09-24 13:40:46,266 INFO     ___FILE_ONLY___  
2025-09-24 13:40:46,266 INFO     ___FILE_ONLY___ │ 
2025-09-24 13:40:46,266 INFO     ___FILE_ONLY___ 2025.05.23
2025-09-24 13:40:46,266 INFO     ___FILE_ONLY___  
2025-09-24 13:40:46,266 INFO     ___FILE_ONLY___ │ 
2025-09-24 13:40:46,266 INFO     ___FILE_ONLY___  < 1 MiB
2025-09-24 13:40:46,266 INFO     ___FILE_ONLY___  
2025-09-24 13:40:46,266 INFO     ___FILE_ONLY___ │
2025-09-24 13:40:46,266 INFO     ___FILE_ONLY___ 

2025-09-24 13:40:46,266 INFO     ___FILE_ONLY___ │ 
2025-09-24 13:40:46,266 INFO     ___FILE_ONLY___ Google Cloud CRC32C Hash Tool (Platform Specific)  
2025-09-24 13:40:46,266 INFO     ___FILE_ONLY___  
2025-09-24 13:40:46,266 INFO     ___FILE_ONLY___ │ 
2025-09-24 13:40:46,266 INFO     ___FILE_ONLY___      1.0.0
2025-09-24 13:40:46,266 INFO     ___FILE_ONLY___  
2025-09-24 13:40:46,266 INFO     ___FILE_ONLY___ │ 
2025-09-24 13:40:46,266 INFO     ___FILE_ONLY___  1.5 MiB
2025-09-24 13:40:46,267 INFO     ___FILE_ONLY___  
2025-09-24 13:40:46,267 INFO     ___FILE_ONLY___ │
2025-09-24 13:40:46,267 INFO     ___FILE_ONLY___ 

2025-09-24 13:40:46,267 INFO     ___FILE_ONLY___ │ 
2025-09-24 13:40:46,267 INFO     ___FILE_ONLY___ gcloud cli dependencies (Platform Specific)        
2025-09-24 13:40:46,267 INFO     ___FILE_ONLY___  
2025-09-24 13:40:46,267 INFO     ___FILE_ONLY___ │ 
2025-09-24 13:40:46,267 INFO     ___FILE_ONLY___ 2021.04.16
2025-09-24 13:40:46,267 INFO     ___FILE_ONLY___  
2025-09-24 13:40:46,267 INFO     ___FILE_ONLY___ │ 
2025-09-24 13:40:46,267 INFO     ___FILE_ONLY___  < 1 MiB
2025-09-24 13:40:46,267 INFO     ___FILE_ONLY___  
2025-09-24 13:40:46,267 INFO     ___FILE_ONLY___ │
2025-09-24 13:40:46,267 INFO     ___FILE_ONLY___ 

2025-09-24 13:40:46,267 INFO     ___FILE_ONLY___ └─────────────────────────────────────────────────────┴────────────┴──────────┘
2025-09-24 13:40:46,267 INFO     ___FILE_ONLY___ 

2025-09-24 13:40:46,267 INFO     ___FILE_ONLY___ 

2025-09-24 13:40:46,271 DEBUG    urllib3.connectionpool Starting new HTTPS connection (1): dl.google.com:443
2025-09-24 13:40:46,284 DEBUG    urllib3.connectionpool https://dl.google.com:443 "GET /dl/cloudsdk/channels/rapid/RELEASE_NOTES HTTP/11" 200 1487839
2025-09-24 13:40:46,799 INFO     ___FILE_ONLY___ For the latest full release notes, please visit:
  https://cloud.google.com/sdk/release_notes


2025-09-24 13:40:46,799 INFO     ___FILE_ONLY___ Performing in place update...


2025-09-24 13:40:46,802 INFO     ___FILE_ONLY___ ╔════════════════════════════════════════════════════════════╗

2025-09-24 13:40:46,802 INFO     ___FILE_ONLY___ ╠═ Downloading: BigQuery Command Line Tool                  ═╣

2025-09-24 13:40:46,802 INFO     ___FILE_ONLY___ ╚
2025-09-24 13:40:46,805 DEBUG    urllib3.connectionpool Starting new HTTPS connection (1): dl.google.com:443
2025-09-24 13:40:46,818 DEBUG    urllib3.connectionpool https://dl.google.com:443 "GET /dl/cloudsdk/channels/rapid/components/google-cloud-sdk-bq-20250905141229.tar.gz HTTP/11" 200 1860568
2025-09-24 13:40:46,832 INFO     ___FILE_ONLY___ ═
2025-09-24 13:40:46,833 INFO     ___FILE_ONLY___ ═
2025-09-24 13:40:46,833 INFO     ___FILE_ONLY___ ═
2025-09-24 13:40:46,833 INFO     ___FILE_ONLY___ ═
2025-09-24 13:40:46,833 INFO     ___FILE_ONLY___ ═
2025-09-24 13:40:46,833 INFO     ___FILE_ONLY___ ═
2025-09-24 13:40:46,833 INFO     ___FILE_ONLY___ ═
2025-09-24 13:40:46,833 INFO     ___FILE_ONLY___ ═
2025-09-24 13:40:46,834 INFO     ___FILE_ONLY___ ═
2025-09-24 13:40:46,834 INFO     ___FILE_ONLY___ ═
2025-09-24 13:40:46,834 INFO     ___FILE_ONLY___ ═
2025-09-24 13:40:46,834 INFO     ___FILE_ONLY___ ═
2025-09-24 13:40:46,834 INFO     ___FILE_ONLY___ ═
2025-09-24 13:40:46,834 INFO     ___FILE_ONLY___ ═
2025-09-24 13:40:46,834 INFO     ___FILE_ONLY___ ═
2025-09-24 13:40:46,834 INFO     ___FILE_ONLY___ ═
2025-09-24 13:40:46,834 INFO     ___FILE_ONLY___ ═
2025-09-24 13:40:46,835 INFO     ___FILE_ONLY___ ═
2025-09-24 13:40:46,835 INFO     ___FILE_ONLY___ ═
2025-09-24 13:40:46,835 INFO     ___FILE_ONLY___ ═
2025-09-24 13:40:46,835 INFO     ___FILE_ONLY___ ═
2025-09-24 13:40:46,835 INFO     ___FILE_ONLY___ ═
2025-09-24 13:40:46,835 INFO     ___FILE_ONLY___ ═
2025-09-24 13:40:46,835 INFO     ___FILE_ONLY___ ═
2025-09-24 13:40:46,835 INFO     ___FILE_ONLY___ ═
2025-09-24 13:40:46,835 INFO     ___FILE_ONLY___ ═
2025-09-24 13:40:46,835 INFO     ___FILE_ONLY___ ═
2025-09-24 13:40:46,836 INFO     ___FILE_ONLY___ ═
2025-09-24 13:40:46,836 INFO     ___FILE_ONLY___ ═
2025-09-24 13:40:46,836 INFO     ___FILE_ONLY___ ═
2025-09-24 13:40:46,836 INFO     ___FILE_ONLY___ ═
2025-09-24 13:40:46,836 INFO     ___FILE_ONLY___ ═
2025-09-24 13:40:46,836 INFO     ___FILE_ONLY___ ═
2025-09-24 13:40:46,836 INFO     ___FILE_ONLY___ ═
2025-09-24 13:40:46,836 INFO     ___FILE_ONLY___ ═
2025-09-24 13:40:46,836 INFO     ___FILE_ONLY___ ═
2025-09-24 13:40:46,837 INFO     ___FILE_ONLY___ ═
2025-09-24 13:40:46,837 INFO     ___FILE_ONLY___ ═
2025-09-24 13:40:46,837 INFO     ___FILE_ONLY___ ═
2025-09-24 13:40:46,837 INFO     ___FILE_ONLY___ ═
2025-09-24 13:40:46,837 INFO     ___FILE_ONLY___ ═
2025-09-24 13:40:46,837 INFO     ___FILE_ONLY___ ═
2025-09-24 13:40:46,837 INFO     ___FILE_ONLY___ ═
2025-09-24 13:40:46,837 INFO     ___FILE_ONLY___ ═
2025-09-24 13:40:46,837 INFO     ___FILE_ONLY___ ═
2025-09-24 13:40:46,838 INFO     ___FILE_ONLY___ ═
2025-09-24 13:40:46,838 INFO     ___FILE_ONLY___ ═
2025-09-24 13:40:46,838 INFO     ___FILE_ONLY___ ═
2025-09-24 13:40:46,838 INFO     ___FILE_ONLY___ ═
2025-09-24 13:40:46,838 INFO     ___FILE_ONLY___ ═
2025-09-24 13:40:46,838 INFO     ___FILE_ONLY___ ═
2025-09-24 13:40:46,838 INFO     ___FILE_ONLY___ ═
2025-09-24 13:40:46,838 INFO     ___FILE_ONLY___ ═
2025-09-24 13:40:46,838 INFO     ___FILE_ONLY___ ═
2025-09-24 13:40:46,838 INFO     ___FILE_ONLY___ ═
2025-09-24 13:40:46,839 INFO     ___FILE_ONLY___ ═
2025-09-24 13:40:46,839 INFO     ___FILE_ONLY___ ═
2025-09-24 13:40:46,839 INFO     ___FILE_ONLY___ ═
2025-09-24 13:40:46,839 INFO     ___FILE_ONLY___ ═
2025-09-24 13:40:46,839 INFO     ___FILE_ONLY___ ═
2025-09-24 13:40:46,839 INFO     ___FILE_ONLY___ ╝

2025-09-24 13:40:46,841 INFO     ___FILE_ONLY___ ╔════════════════════════════════════════════════════════════╗

2025-09-24 13:40:46,842 INFO     ___FILE_ONLY___ ╠═ Downloading: BigQuery Command Line Tool (Platform Spe... ═╣

2025-09-24 13:40:46,842 INFO     ___FILE_ONLY___ ╚
2025-09-24 13:40:46,844 DEBUG    urllib3.connectionpool Starting new HTTPS connection (1): dl.google.com:443
2025-09-24 13:40:46,858 DEBUG    urllib3.connectionpool https://dl.google.com:443 "GET /dl/cloudsdk/channels/rapid/components/google-cloud-sdk-bq-nix-20250523104322.tar.gz HTTP/11" 200 1935
2025-09-24 13:40:46,859 INFO     ___FILE_ONLY___ ════════════════════════════════════════════════════════════
2025-09-24 13:40:46,859 INFO     ___FILE_ONLY___ ╝

2025-09-24 13:40:46,861 INFO     ___FILE_ONLY___ ╔════════════════════════════════════════════════════════════╗

2025-09-24 13:40:46,861 INFO     ___FILE_ONLY___ ╠═ Downloading: Bundled Python 3.12                         ═╣

2025-09-24 13:40:46,861 INFO     ___FILE_ONLY___ ╚
2025-09-24 13:40:46,861 INFO     ___FILE_ONLY___ ════════════════════════════════════════════════════════════
2025-09-24 13:40:46,861 INFO     ___FILE_ONLY___ ╝

2025-09-24 13:40:46,863 INFO     ___FILE_ONLY___ ╔════════════════════════════════════════════════════════════╗

2025-09-24 13:40:46,863 INFO     ___FILE_ONLY___ ╠═ Downloading: Bundled Python 3.12 (Platform Specific)     ═╣

2025-09-24 13:40:46,863 INFO     ___FILE_ONLY___ ╚
2025-09-24 13:40:46,866 DEBUG    urllib3.connectionpool Starting new HTTPS connection (1): dl.google.com:443
2025-09-24 13:40:46,880 DEBUG    urllib3.connectionpool https://dl.google.com:443 "GET /dl/cloudsdk/channels/rapid/components/google-cloud-sdk-bundled-python3-unix-linux-x86_64-20250502143716.tar.gz HTTP/11" 200 93610468
2025-09-24 13:40:47,295 INFO     ___FILE_ONLY___ ═
2025-09-24 13:40:47,298 INFO     ___FILE_ONLY___ ═
2025-09-24 13:40:47,300 INFO     ___FILE_ONLY___ ═
2025-09-24 13:40:47,302 INFO     ___FILE_ONLY___ ═
2025-09-24 13:40:47,305 INFO     ___FILE_ONLY___ ═
2025-09-24 13:40:47,307 INFO     ___FILE_ONLY___ ═
2025-09-24 13:40:47,309 INFO     ___FILE_ONLY___ ═
2025-09-24 13:40:47,312 INFO     ___FILE_ONLY___ ═
2025-09-24 13:40:47,314 INFO     ___FILE_ONLY___ ═
2025-09-24 13:40:47,316 INFO     ___FILE_ONLY___ ═
2025-09-24 13:40:47,318 INFO     ___FILE_ONLY___ ═
2025-09-24 13:40:47,321 INFO     ___FILE_ONLY___ ═
2025-09-24 13:40:47,323 INFO     ___FILE_ONLY___ ═
2025-09-24 13:40:47,325 INFO     ___FILE_ONLY___ ═
2025-09-24 13:40:47,327 INFO     ___FILE_ONLY___ ═
2025-09-24 13:40:47,329 INFO     ___FILE_ONLY___ ═
2025-09-24 13:40:47,330 INFO     ___FILE_ONLY___ ═
2025-09-24 13:40:47,332 INFO     ___FILE_ONLY___ ═
2025-09-24 13:40:47,334 INFO     ___FILE_ONLY___ ═
2025-09-24 13:40:47,336 INFO     ___FILE_ONLY___ ═
2025-09-24 13:40:47,338 INFO     ___FILE_ONLY___ ═
2025-09-24 13:40:47,341 INFO     ___FILE_ONLY___ ═
2025-09-24 13:40:47,343 INFO     ___FILE_ONLY___ ═
2025-09-24 13:40:47,345 INFO     ___FILE_ONLY___ ═
2025-09-24 13:40:47,348 INFO     ___FILE_ONLY___ ═
2025-09-24 13:40:47,350 INFO     ___FILE_ONLY___ ═
2025-09-24 13:40:47,352 INFO     ___FILE_ONLY___ ═
2025-09-24 13:40:47,355 INFO     ___FILE_ONLY___ ═
2025-09-24 13:40:47,357 INFO     ___FILE_ONLY___ ═
2025-09-24 13:40:47,359 INFO     ___FILE_ONLY___ ═
2025-09-24 13:40:47,361 INFO     ___FILE_ONLY___ ═
2025-09-24 13:40:47,364 INFO     ___FILE_ONLY___ ═
2025-09-24 13:40:47,366 INFO     ___FILE_ONLY___ ═
2025-09-24 13:40:47,368 INFO     ___FILE_ONLY___ ═
2025-09-24 13:40:47,370 INFO     ___FILE_ONLY___ ═
2025-09-24 13:40:47,373 INFO     ___FILE_ONLY___ ═
2025-09-24 13:40:47,375 INFO     ___FILE_ONLY___ ═
2025-09-24 13:40:47,377 INFO     ___FILE_ONLY___ ═
2025-09-24 13:40:47,380 INFO     ___FILE_ONLY___ ═
2025-09-24 13:40:47,382 INFO     ___FILE_ONLY___ ═
2025-09-24 13:40:47,384 INFO     ___FILE_ONLY___ ═
2025-09-24 13:40:47,387 INFO     ___FILE_ONLY___ ═
2025-09-24 13:40:47,389 INFO     ___FILE_ONLY___ ═
2025-09-24 13:40:47,391 INFO     ___FILE_ONLY___ ═
2025-09-24 13:40:47,394 INFO     ___FILE_ONLY___ ═
2025-09-24 13:40:47,396 INFO     ___FILE_ONLY___ ═
2025-09-24 13:40:47,398 INFO     ___FILE_ONLY___ ═
2025-09-24 13:40:47,400 INFO     ___FILE_ONLY___ ═
2025-09-24 13:40:47,403 INFO     ___FILE_ONLY___ ═
2025-09-24 13:40:47,405 INFO     ___FILE_ONLY___ ═
2025-09-24 13:40:47,407 INFO     ___FILE_ONLY___ ═
2025-09-24 13:40:47,409 INFO     ___FILE_ONLY___ ═
2025-09-24 13:40:47,412 INFO     ___FILE_ONLY___ ═
2025-09-24 13:40:47,414 INFO     ___FILE_ONLY___ ═
2025-09-24 13:40:47,416 INFO     ___FILE_ONLY___ ═
2025-09-24 13:40:47,418 INFO     ___FILE_ONLY___ ═
2025-09-24 13:40:47,421 INFO     ___FILE_ONLY___ ═
2025-09-24 13:40:47,423 INFO     ___FILE_ONLY___ ═
2025-09-24 13:40:47,425 INFO     ___FILE_ONLY___ ═
2025-09-24 13:40:47,427 INFO     ___FILE_ONLY___ ═
2025-09-24 13:40:47,428 INFO     ___FILE_ONLY___ ╝

2025-09-24 13:40:47,430 INFO     ___FILE_ONLY___ ╔════════════════════════════════════════════════════════════╗

2025-09-24 13:40:47,430 INFO     ___FILE_ONLY___ ╠═ Downloading: Cloud Storage Command Line Tool             ═╣

2025-09-24 13:40:47,430 INFO     ___FILE_ONLY___ ╚
2025-09-24 13:40:47,433 DEBUG    urllib3.connectionpool Starting new HTTPS connection (1): dl.google.com:443
2025-09-24 13:40:47,451 DEBUG    urllib3.connectionpool https://dl.google.com:443 "GET /dl/cloudsdk/channels/rapid/components/google-cloud-sdk-gsutil-20250627154417.tar.gz HTTP/11" 200 12962791
2025-09-24 13:40:47,509 INFO     ___FILE_ONLY___ ═
2025-09-24 13:40:47,509 INFO     ___FILE_ONLY___ ═
2025-09-24 13:40:47,510 INFO     ___FILE_ONLY___ ═
2025-09-24 13:40:47,510 INFO     ___FILE_ONLY___ ═
2025-09-24 13:40:47,510 INFO     ___FILE_ONLY___ ═
2025-09-24 13:40:47,511 INFO     ___FILE_ONLY___ ═
2025-09-24 13:40:47,511 INFO     ___FILE_ONLY___ ═
2025-09-24 13:40:47,512 INFO     ___FILE_ONLY___ ═
2025-09-24 13:40:47,512 INFO     ___FILE_ONLY___ ═
2025-09-24 13:40:47,512 INFO     ___FILE_ONLY___ ═
2025-09-24 13:40:47,513 INFO     ___FILE_ONLY___ ═
2025-09-24 13:40:47,513 INFO     ___FILE_ONLY___ ═
2025-09-24 13:40:47,513 INFO     ___FILE_ONLY___ ═
2025-09-24 13:40:47,514 INFO     ___FILE_ONLY___ ═
2025-09-24 13:40:47,514 INFO     ___FILE_ONLY___ ═
2025-09-24 13:40:47,515 INFO     ___FILE_ONLY___ ═
2025-09-24 13:40:47,515 INFO     ___FILE_ONLY___ ═
2025-09-24 13:40:47,515 INFO     ___FILE_ONLY___ ═
2025-09-24 13:40:47,516 INFO     ___FILE_ONLY___ ═
2025-09-24 13:40:47,516 INFO     ___FILE_ONLY___ ═
2025-09-24 13:40:47,516 INFO     ___FILE_ONLY___ ═
2025-09-24 13:40:47,517 INFO     ___FILE_ONLY___ ═
2025-09-24 13:40:47,517 INFO     ___FILE_ONLY___ ═
2025-09-24 13:40:47,517 INFO     ___FILE_ONLY___ ═
2025-09-24 13:40:47,518 INFO     ___FILE_ONLY___ ═
2025-09-24 13:40:47,518 INFO     ___FILE_ONLY___ ═
2025-09-24 13:40:47,519 INFO     ___FILE_ONLY___ ═
2025-09-24 13:40:47,519 INFO     ___FILE_ONLY___ ═
2025-09-24 13:40:47,519 INFO     ___FILE_ONLY___ ═
2025-09-24 13:40:47,520 INFO     ___FILE_ONLY___ ═
2025-09-24 13:40:47,520 INFO     ___FILE_ONLY___ ═
2025-09-24 13:40:47,520 INFO     ___FILE_ONLY___ ═
2025-09-24 13:40:47,521 INFO     ___FILE_ONLY___ ═
2025-09-24 13:40:47,521 INFO     ___FILE_ONLY___ ═
2025-09-24 13:40:47,522 INFO     ___FILE_ONLY___ ═
2025-09-24 13:40:47,522 INFO     ___FILE_ONLY___ ═
2025-09-24 13:40:47,522 INFO     ___FILE_ONLY___ ═
2025-09-24 13:40:47,523 INFO     ___FILE_ONLY___ ═
2025-09-24 13:40:47,523 INFO     ___FILE_ONLY___ ═
2025-09-24 13:40:47,523 INFO     ___FILE_ONLY___ ═
2025-09-24 13:40:47,524 INFO     ___FILE_ONLY___ ═
2025-09-24 13:40:47,524 INFO     ___FILE_ONLY___ ═
2025-09-24 13:40:47,525 INFO     ___FILE_ONLY___ ═
2025-09-24 13:40:47,525 INFO     ___FILE_ONLY___ ═
2025-09-24 13:40:47,525 INFO     ___FILE_ONLY___ ═
2025-09-24 13:40:47,526 INFO     ___FILE_ONLY___ ═
2025-09-24 13:40:47,526 INFO     ___FILE_ONLY___ ═
2025-09-24 13:40:47,526 INFO     ___FILE_ONLY___ ═
2025-09-24 13:40:47,527 INFO     ___FILE_ONLY___ ═
2025-09-24 13:40:47,527 INFO     ___FILE_ONLY___ ═
2025-09-24 13:40:47,527 INFO     ___FILE_ONLY___ ═
2025-09-24 13:40:47,528 INFO     ___FILE_ONLY___ ═
2025-09-24 13:40:47,528 INFO     ___FILE_ONLY___ ═
2025-09-24 13:40:47,529 INFO     ___FILE_ONLY___ ═
2025-09-24 13:40:47,529 INFO     ___FILE_ONLY___ ═
2025-09-24 13:40:47,529 INFO     ___FILE_ONLY___ ═
2025-09-24 13:40:47,530 INFO     ___FILE_ONLY___ ═
2025-09-24 13:40:47,530 INFO     ___FILE_ONLY___ ═
2025-09-24 13:40:47,530 INFO     ___FILE_ONLY___ ═
2025-09-24 13:40:47,531 INFO     ___FILE_ONLY___ ═
2025-09-24 13:40:47,531 INFO     ___FILE_ONLY___ ╝

2025-09-24 13:40:47,533 INFO     ___FILE_ONLY___ ╔════════════════════════════════════════════════════════════╗

2025-09-24 13:40:47,533 INFO     ___FILE_ONLY___ ╠═ Downloading: Cloud Storage Command Line Tool (Platfor... ═╣

2025-09-24 13:40:47,533 INFO     ___FILE_ONLY___ ╚
2025-09-24 13:40:47,536 DEBUG    urllib3.connectionpool Starting new HTTPS connection (1): dl.google.com:443
2025-09-24 13:40:47,551 DEBUG    urllib3.connectionpool https://dl.google.com:443 "GET /dl/cloudsdk/channels/rapid/components/google-cloud-sdk-gsutil-nix-20250523104322.tar.gz HTTP/11" 200 1950
2025-09-24 13:40:47,551 INFO     ___FILE_ONLY___ ════════════════════════════════════════════════════════════
2025-09-24 13:40:47,551 INFO     ___FILE_ONLY___ ╝

2025-09-24 13:40:47,553 INFO     ___FILE_ONLY___ ╔════════════════════════════════════════════════════════════╗

2025-09-24 13:40:47,554 INFO     ___FILE_ONLY___ ╠═ Downloading: Default set of gcloud commands              ═╣

2025-09-24 13:40:47,554 INFO     ___FILE_ONLY___ ╚
2025-09-24 13:40:47,554 INFO     ___FILE_ONLY___ ════════════════════════════════════════════════════════════
2025-09-24 13:40:47,554 INFO     ___FILE_ONLY___ ╝

2025-09-24 13:40:47,556 INFO     ___FILE_ONLY___ ╔════════════════════════════════════════════════════════════╗

2025-09-24 13:40:47,556 INFO     ___FILE_ONLY___ ╠═ Downloading: Google Cloud CLI Core Libraries (Platfor... ═╣

2025-09-24 13:40:47,556 INFO     ___FILE_ONLY___ ╚
2025-09-24 13:40:47,558 DEBUG    urllib3.connectionpool Starting new HTTPS connection (1): dl.google.com:443
2025-09-24 13:40:47,573 DEBUG    urllib3.connectionpool https://dl.google.com:443 "GET /dl/cloudsdk/channels/rapid/components/google-cloud-sdk-core-nix-20250523104322.tar.gz HTTP/11" 200 2325
2025-09-24 13:40:47,574 INFO     ___FILE_ONLY___ ════════════════════════════════════════════════════════════
2025-09-24 13:40:47,574 INFO     ___FILE_ONLY___ ╝

2025-09-24 13:40:47,576 INFO     ___FILE_ONLY___ ╔════════════════════════════════════════════════════════════╗

2025-09-24 13:40:47,576 INFO     ___FILE_ONLY___ ╠═ Downloading: Google Cloud CRC32C Hash Tool               ═╣

2025-09-24 13:40:47,576 INFO     ___FILE_ONLY___ ╚
2025-09-24 13:40:47,576 INFO     ___FILE_ONLY___ ════════════════════════════════════════════════════════════
2025-09-24 13:40:47,577 INFO     ___FILE_ONLY___ ╝

2025-09-24 13:40:47,578 INFO     ___FILE_ONLY___ ╔════════════════════════════════════════════════════════════╗

2025-09-24 13:40:47,578 INFO     ___FILE_ONLY___ ╠═ Downloading: Google Cloud CRC32C Hash Tool (Platform ... ═╣

2025-09-24 13:40:47,578 INFO     ___FILE_ONLY___ ╚
2025-09-24 13:40:47,581 DEBUG    urllib3.connectionpool Starting new HTTPS connection (1): dl.google.com:443
2025-09-24 13:40:47,627 DEBUG    urllib3.connectionpool https://dl.google.com:443 "GET /dl/cloudsdk/channels/rapid/components/google-cloud-sdk-gcloud-crc32c-linux-x86_64-20250613150750.tar.gz HTTP/11" 200 1525557
2025-09-24 13:40:47,638 INFO     ___FILE_ONLY___ ═
2025-09-24 13:40:47,638 INFO     ___FILE_ONLY___ ═
2025-09-24 13:40:47,639 INFO     ___FILE_ONLY___ ═
2025-09-24 13:40:47,639 INFO     ___FILE_ONLY___ ═
2025-09-24 13:40:47,639 INFO     ___FILE_ONLY___ ═
2025-09-24 13:40:47,639 INFO     ___FILE_ONLY___ ═
2025-09-24 13:40:47,639 INFO     ___FILE_ONLY___ ═
2025-09-24 13:40:47,639 INFO     ___FILE_ONLY___ ═
2025-09-24 13:40:47,639 INFO     ___FILE_ONLY___ ═
2025-09-24 13:40:47,639 INFO     ___FILE_ONLY___ ═
2025-09-24 13:40:47,639 INFO     ___FILE_ONLY___ ═
2025-09-24 13:40:47,639 INFO     ___FILE_ONLY___ ═
2025-09-24 13:40:47,639 INFO     ___FILE_ONLY___ ═
2025-09-24 13:40:47,639 INFO     ___FILE_ONLY___ ═
2025-09-24 13:40:47,640 INFO     ___FILE_ONLY___ ═
2025-09-24 13:40:47,640 INFO     ___FILE_ONLY___ ═
2025-09-24 13:40:47,640 INFO     ___FILE_ONLY___ ═
2025-09-24 13:40:47,640 INFO     ___FILE_ONLY___ ═
2025-09-24 13:40:47,640 INFO     ___FILE_ONLY___ ═
2025-09-24 13:40:47,640 INFO     ___FILE_ONLY___ ═
2025-09-24 13:40:47,640 INFO     ___FILE_ONLY___ ═
2025-09-24 13:40:47,640 INFO     ___FILE_ONLY___ ═
2025-09-24 13:40:47,640 INFO     ___FILE_ONLY___ ═
2025-09-24 13:40:47,640 INFO     ___FILE_ONLY___ ═
2025-09-24 13:40:47,640 INFO     ___FILE_ONLY___ ═
2025-09-24 13:40:47,640 INFO     ___FILE_ONLY___ ═
2025-09-24 13:40:47,641 INFO     ___FILE_ONLY___ ═
2025-09-24 13:40:47,641 INFO     ___FILE_ONLY___ ═
2025-09-24 13:40:47,641 INFO     ___FILE_ONLY___ ═
2025-09-24 13:40:47,641 INFO     ___FILE_ONLY___ ═
2025-09-24 13:40:47,641 INFO     ___FILE_ONLY___ ═
2025-09-24 13:40:47,641 INFO     ___FILE_ONLY___ ═
2025-09-24 13:40:47,641 INFO     ___FILE_ONLY___ ═
2025-09-24 13:40:47,641 INFO     ___FILE_ONLY___ ═
2025-09-24 13:40:47,641 INFO     ___FILE_ONLY___ ═
2025-09-24 13:40:47,641 INFO     ___FILE_ONLY___ ═
2025-09-24 13:40:47,641 INFO     ___FILE_ONLY___ ═
2025-09-24 13:40:47,641 INFO     ___FILE_ONLY___ ═
2025-09-24 13:40:47,641 INFO     ___FILE_ONLY___ ═
2025-09-24 13:40:47,642 INFO     ___FILE_ONLY___ ═
2025-09-24 13:40:47,642 INFO     ___FILE_ONLY___ ═
2025-09-24 13:40:47,642 INFO     ___FILE_ONLY___ ═
2025-09-24 13:40:47,642 INFO     ___FILE_ONLY___ ═
2025-09-24 13:40:47,642 INFO     ___FILE_ONLY___ ═
2025-09-24 13:40:47,643 INFO     ___FILE_ONLY___ ═
2025-09-24 13:40:47,643 INFO     ___FILE_ONLY___ ═
2025-09-24 13:40:47,643 INFO     ___FILE_ONLY___ ═
2025-09-24 13:40:47,643 INFO     ___FILE_ONLY___ ═
2025-09-24 13:40:47,643 INFO     ___FILE_ONLY___ ═
2025-09-24 13:40:47,643 INFO     ___FILE_ONLY___ ═
2025-09-24 13:40:47,643 INFO     ___FILE_ONLY___ ═
2025-09-24 13:40:47,643 INFO     ___FILE_ONLY___ ═
2025-09-24 13:40:47,644 INFO     ___FILE_ONLY___ ═
2025-09-24 13:40:47,644 INFO     ___FILE_ONLY___ ═
2025-09-24 13:40:47,644 INFO     ___FILE_ONLY___ ═
2025-09-24 13:40:47,644 INFO     ___FILE_ONLY___ ═
2025-09-24 13:40:47,644 INFO     ___FILE_ONLY___ ═
2025-09-24 13:40:47,644 INFO     ___FILE_ONLY___ ═
2025-09-24 13:40:47,644 INFO     ___FILE_ONLY___ ═
2025-09-24 13:40:47,644 INFO     ___FILE_ONLY___ ═
2025-09-24 13:40:47,644 INFO     ___FILE_ONLY___ ╝

2025-09-24 13:40:47,646 INFO     ___FILE_ONLY___ ╔════════════════════════════════════════════════════════════╗

2025-09-24 13:40:47,646 INFO     ___FILE_ONLY___ ╠═ Downloading: gcloud cli dependencies (Platform Specific) ═╣

2025-09-24 13:40:47,646 INFO     ___FILE_ONLY___ ╚
2025-09-24 13:40:47,649 DEBUG    urllib3.connectionpool Starting new HTTPS connection (1): dl.google.com:443
2025-09-24 13:40:47,701 DEBUG    urllib3.connectionpool https://dl.google.com:443 "GET /dl/cloudsdk/channels/rapid/components/google-cloud-sdk-gcloud-deps-linux-x86_64-20210416153011.tar.gz HTTP/11" 200 104
2025-09-24 13:40:47,702 INFO     ___FILE_ONLY___ ════════════════════════════════════════════════════════════
2025-09-24 13:40:47,702 INFO     ___FILE_ONLY___ ╝

2025-09-24 13:40:47,704 INFO     ___FILE_ONLY___ ╔════════════════════════════════════════════════════════════╗

2025-09-24 13:40:47,704 INFO     ___FILE_ONLY___ ╠═ Installing: BigQuery Command Line Tool                   ═╣

2025-09-24 13:40:47,704 INFO     ___FILE_ONLY___ ╚
2025-09-24 13:40:47,797 INFO     ___FILE_ONLY___ ═
2025-09-24 13:40:47,799 INFO     ___FILE_ONLY___ ═
2025-09-24 13:40:47,802 INFO     ___FILE_ONLY___ ═
2025-09-24 13:40:47,804 INFO     ___FILE_ONLY___ ═
2025-09-24 13:40:47,806 INFO     ___FILE_ONLY___ ═
2025-09-24 13:40:47,809 INFO     ___FILE_ONLY___ ═
2025-09-24 13:40:47,811 INFO     ___FILE_ONLY___ ═
2025-09-24 13:40:47,813 INFO     ___FILE_ONLY___ ═
2025-09-24 13:40:47,815 INFO     ___FILE_ONLY___ ═
2025-09-24 13:40:47,817 INFO     ___FILE_ONLY___ ═
2025-09-24 13:40:47,820 INFO     ___FILE_ONLY___ ═
2025-09-24 13:40:47,822 INFO     ___FILE_ONLY___ ═
2025-09-24 13:40:47,824 INFO     ___FILE_ONLY___ ═
2025-09-24 13:40:47,826 INFO     ___FILE_ONLY___ ═
2025-09-24 13:40:47,828 INFO     ___FILE_ONLY___ ═
2025-09-24 13:40:47,831 INFO     ___FILE_ONLY___ ═
2025-09-24 13:40:47,833 INFO     ___FILE_ONLY___ ═
2025-09-24 13:40:47,835 INFO     ___FILE_ONLY___ ═
2025-09-24 13:40:47,837 INFO     ___FILE_ONLY___ ═
2025-09-24 13:40:47,840 INFO     ___FILE_ONLY___ ═
2025-09-24 13:40:47,843 INFO     ___FILE_ONLY___ ═
2025-09-24 13:40:47,845 INFO     ___FILE_ONLY___ ═
2025-09-24 13:40:47,848 INFO     ___FILE_ONLY___ ═
2025-09-24 13:40:47,850 INFO     ___FILE_ONLY___ ═
2025-09-24 13:40:47,852 INFO     ___FILE_ONLY___ ═
2025-09-24 13:40:47,854 INFO     ___FILE_ONLY___ ═
2025-09-24 13:40:47,857 INFO     ___FILE_ONLY___ ═
2025-09-24 13:40:47,859 INFO     ___FILE_ONLY___ ═
2025-09-24 13:40:47,861 INFO     ___FILE_ONLY___ ═
2025-09-24 13:40:47,866 INFO     ___FILE_ONLY___ ═
2025-09-24 13:40:47,868 INFO     ___FILE_ONLY___ ═
2025-09-24 13:40:47,870 INFO     ___FILE_ONLY___ ═
2025-09-24 13:40:47,872 INFO     ___FILE_ONLY___ ═
2025-09-24 13:40:47,876 INFO     ___FILE_ONLY___ ═
2025-09-24 13:40:47,879 INFO     ___FILE_ONLY___ ═
2025-09-24 13:40:47,886 INFO     ___FILE_ONLY___ ═
2025-09-24 13:40:47,892 INFO     ___FILE_ONLY___ ═
2025-09-24 13:40:47,897 INFO     ___FILE_ONLY___ ═
2025-09-24 13:40:47,899 INFO     ___FILE_ONLY___ ═
2025-09-24 13:40:47,901 INFO     ___FILE_ONLY___ ═
2025-09-24 13:40:47,904 INFO     ___FILE_ONLY___ ═
2025-09-24 13:40:47,906 INFO     ___FILE_ONLY___ ═
2025-09-24 13:40:47,910 INFO     ___FILE_ONLY___ ═
2025-09-24 13:40:47,913 INFO     ___FILE_ONLY___ ═
2025-09-24 13:40:47,915 INFO     ___FILE_ONLY___ ═
2025-09-24 13:40:47,918 INFO     ___FILE_ONLY___ ═
2025-09-24 13:40:47,920 INFO     ___FILE_ONLY___ ═
2025-09-24 13:40:47,923 INFO     ___FILE_ONLY___ ═
2025-09-24 13:40:47,925 INFO     ___FILE_ONLY___ ═
2025-09-24 13:40:47,927 INFO     ___FILE_ONLY___ ═
2025-09-24 13:40:47,930 INFO     ___FILE_ONLY___ ═
2025-09-24 13:40:47,932 INFO     ___FILE_ONLY___ ═
2025-09-24 13:40:47,934 INFO     ___FILE_ONLY___ ═
2025-09-24 13:40:47,937 INFO     ___FILE_ONLY___ ═
2025-09-24 13:40:47,939 INFO     ___FILE_ONLY___ ═
2025-09-24 13:40:47,941 INFO     ___FILE_ONLY___ ═
2025-09-24 13:40:47,944 INFO     ___FILE_ONLY___ ═
2025-09-24 13:40:47,946 INFO     ___FILE_ONLY___ ═
2025-09-24 13:40:47,948 INFO     ___FILE_ONLY___ ═
2025-09-24 13:40:47,951 INFO     ___FILE_ONLY___ ═
2025-09-24 13:40:47,951 INFO     ___FILE_ONLY___ ╝

2025-09-24 13:40:47,959 INFO     ___FILE_ONLY___ ╔════════════════════════════════════════════════════════════╗

2025-09-24 13:40:47,959 INFO     ___FILE_ONLY___ ╠═ Installing: BigQuery Command Line Tool (Platform Spec... ═╣

2025-09-24 13:40:47,959 INFO     ___FILE_ONLY___ ╚
2025-09-24 13:40:47,960 INFO     ___FILE_ONLY___ ════════════════════════════════════════════════════════════
2025-09-24 13:40:47,960 INFO     ___FILE_ONLY___ ╝

2025-09-24 13:40:47,964 INFO     ___FILE_ONLY___ ╔════════════════════════════════════════════════════════════╗

2025-09-24 13:40:47,964 INFO     ___FILE_ONLY___ ╠═ Installing: Bundled Python 3.12                          ═╣

2025-09-24 13:40:47,964 INFO     ___FILE_ONLY___ ╚
2025-09-24 13:40:47,967 INFO     ___FILE_ONLY___ ════════════════════════════════════════════════════════════
2025-09-24 13:40:47,967 INFO     ___FILE_ONLY___ ╝

2025-09-24 13:40:47,969 INFO     ___FILE_ONLY___ ╔════════════════════════════════════════════════════════════╗

2025-09-24 13:40:47,969 INFO     ___FILE_ONLY___ ╠═ Installing: Bundled Python 3.12 (Platform Specific)      ═╣

2025-09-24 13:40:47,969 INFO     ___FILE_ONLY___ ╚
2025-09-24 13:40:50,168 INFO     ___FILE_ONLY___ ═
2025-09-24 13:40:50,182 INFO     ___FILE_ONLY___ ═
2025-09-24 13:40:50,195 INFO     ___FILE_ONLY___ ═
2025-09-24 13:40:50,209 INFO     ___FILE_ONLY___ ═
2025-09-24 13:40:50,222 INFO     ___FILE_ONLY___ ═
2025-09-24 13:40:50,238 INFO     ___FILE_ONLY___ ═
2025-09-24 13:40:50,254 INFO     ___FILE_ONLY___ ═
2025-09-24 13:40:50,267 INFO     ___FILE_ONLY___ ═
2025-09-24 13:40:50,281 INFO     ___FILE_ONLY___ ═
2025-09-24 13:40:50,295 INFO     ___FILE_ONLY___ ═
2025-09-24 13:40:50,309 INFO     ___FILE_ONLY___ ═
2025-09-24 13:40:50,322 INFO     ___FILE_ONLY___ ═
2025-09-24 13:40:50,336 INFO     ___FILE_ONLY___ ═
2025-09-24 13:40:50,350 INFO     ___FILE_ONLY___ ═
2025-09-24 13:40:50,365 INFO     ___FILE_ONLY___ ═
2025-09-24 13:40:50,378 INFO     ___FILE_ONLY___ ═
2025-09-24 13:40:50,391 INFO     ___FILE_ONLY___ ═
2025-09-24 13:40:50,405 INFO     ___FILE_ONLY___ ═
2025-09-24 13:40:50,419 INFO     ___FILE_ONLY___ ═
2025-09-24 13:40:50,432 INFO     ___FILE_ONLY___ ═
2025-09-24 13:40:50,447 INFO     ___FILE_ONLY___ ═
2025-09-24 13:40:50,461 INFO     ___FILE_ONLY___ ═
2025-09-24 13:40:50,475 INFO     ___FILE_ONLY___ ═
2025-09-24 13:40:50,488 INFO     ___FILE_ONLY___ ═
2025-09-24 13:40:50,502 INFO     ___FILE_ONLY___ ═
2025-09-24 13:40:50,516 INFO     ___FILE_ONLY___ ═
2025-09-24 13:40:50,529 INFO     ___FILE_ONLY___ ═
2025-09-24 13:40:50,543 INFO     ___FILE_ONLY___ ═
2025-09-24 13:40:50,557 INFO     ___FILE_ONLY___ ═
2025-09-24 13:40:50,570 INFO     ___FILE_ONLY___ ═
2025-09-24 13:40:50,583 INFO     ___FILE_ONLY___ ═
2025-09-24 13:40:50,596 INFO     ___FILE_ONLY___ ═
2025-09-24 13:40:50,609 INFO     ___FILE_ONLY___ ═
2025-09-24 13:40:50,623 INFO     ___FILE_ONLY___ ═
2025-09-24 13:40:50,641 INFO     ___FILE_ONLY___ ═
2025-09-24 13:40:50,658 INFO     ___FILE_ONLY___ ═
2025-09-24 13:40:51,498 INFO     ___FILE_ONLY___ ═
2025-09-24 13:40:51,523 INFO     ___FILE_ONLY___ ═
2025-09-24 13:40:52,005 INFO     ___FILE_ONLY___ ═
2025-09-24 13:40:52,024 INFO     ___FILE_ONLY___ ═
2025-09-24 13:40:52,048 INFO     ___FILE_ONLY___ ═
2025-09-24 13:40:52,074 INFO     ___FILE_ONLY___ ═
2025-09-24 13:40:52,094 INFO     ___FILE_ONLY___ ═
2025-09-24 13:40:52,123 INFO     ___FILE_ONLY___ ═
2025-09-24 13:40:52,144 INFO     ___FILE_ONLY___ ═
2025-09-24 13:40:52,164 INFO     ___FILE_ONLY___ ═
2025-09-24 13:40:52,182 INFO     ___FILE_ONLY___ ═
2025-09-24 13:40:52,201 INFO     ___FILE_ONLY___ ═
2025-09-24 13:40:52,290 INFO     ___FILE_ONLY___ ═
2025-09-24 13:40:52,309 INFO     ___FILE_ONLY___ ═
2025-09-24 13:40:52,447 INFO     ___FILE_ONLY___ ═
2025-09-24 13:40:52,465 INFO     ___FILE_ONLY___ ═
2025-09-24 13:40:52,484 INFO     ___FILE_ONLY___ ═
2025-09-24 13:40:52,502 INFO     ___FILE_ONLY___ ═
2025-09-24 13:40:52,519 INFO     ___FILE_ONLY___ ═
2025-09-24 13:40:52,538 INFO     ___FILE_ONLY___ ═
2025-09-24 13:40:52,556 INFO     ___FILE_ONLY___ ═
2025-09-24 13:40:52,574 INFO     ___FILE_ONLY___ ═
2025-09-24 13:40:52,603 INFO     ___FILE_ONLY___ ═
2025-09-24 13:40:53,086 INFO     ___FILE_ONLY___ ═
2025-09-24 13:40:53,086 INFO     ___FILE_ONLY___ ╝

2025-09-24 13:40:53,142 INFO     ___FILE_ONLY___ ╔════════════════════════════════════════════════════════════╗

2025-09-24 13:40:53,142 INFO     ___FILE_ONLY___ ╠═ Installing: Cloud Storage Command Line Tool              ═╣

2025-09-24 13:40:53,142 INFO     ___FILE_ONLY___ ╚
2025-09-24 13:40:53,680 INFO     ___FILE_ONLY___ ═
2025-09-24 13:40:53,692 INFO     ___FILE_ONLY___ ═
2025-09-24 13:40:53,704 INFO     ___FILE_ONLY___ ═
2025-09-24 13:40:53,714 INFO     ___FILE_ONLY___ ═
2025-09-24 13:40:53,725 INFO     ___FILE_ONLY___ ═
2025-09-24 13:40:53,760 INFO     ___FILE_ONLY___ ═
2025-09-24 13:40:53,773 INFO     ___FILE_ONLY___ ═
2025-09-24 13:40:53,790 INFO     ___FILE_ONLY___ ═
2025-09-24 13:40:53,805 INFO     ___FILE_ONLY___ ═
2025-09-24 13:40:53,821 INFO     ___FILE_ONLY___ ═
2025-09-24 13:40:53,839 INFO     ___FILE_ONLY___ ═
2025-09-24 13:40:53,851 INFO     ___FILE_ONLY___ ═
2025-09-24 13:40:53,863 INFO     ___FILE_ONLY___ ═
2025-09-24 13:40:53,873 INFO     ___FILE_ONLY___ ═
2025-09-24 13:40:53,884 INFO     ___FILE_ONLY___ ═
2025-09-24 13:40:53,901 INFO     ___FILE_ONLY___ ═
2025-09-24 13:40:53,915 INFO     ___FILE_ONLY___ ═
2025-09-24 13:40:53,925 INFO     ___FILE_ONLY___ ═
2025-09-24 13:40:53,938 INFO     ___FILE_ONLY___ ═
2025-09-24 13:40:53,949 INFO     ___FILE_ONLY___ ═
2025-09-24 13:40:53,960 INFO     ___FILE_ONLY___ ═
2025-09-24 13:40:53,973 INFO     ___FILE_ONLY___ ═
2025-09-24 13:40:53,983 INFO     ___FILE_ONLY___ ═
2025-09-24 13:40:53,995 INFO     ___FILE_ONLY___ ═
2025-09-24 13:40:54,006 INFO     ___FILE_ONLY___ ═
2025-09-24 13:40:54,016 INFO     ___FILE_ONLY___ ═
2025-09-24 13:40:54,027 INFO     ___FILE_ONLY___ ═
2025-09-24 13:40:54,042 INFO     ___FILE_ONLY___ ═
2025-09-24 13:40:54,059 INFO     ___FILE_ONLY___ ═
2025-09-24 13:40:54,071 INFO     ___FILE_ONLY___ ═
2025-09-24 13:40:54,084 INFO     ___FILE_ONLY___ ═
2025-09-24 13:40:54,106 INFO     ___FILE_ONLY___ ═
2025-09-24 13:40:54,122 INFO     ___FILE_ONLY___ ═
2025-09-24 13:40:54,141 INFO     ___FILE_ONLY___ ═
2025-09-24 13:40:54,156 INFO     ___FILE_ONLY___ ═
2025-09-24 13:40:54,174 INFO     ___FILE_ONLY___ ═
2025-09-24 13:40:54,184 INFO     ___FILE_ONLY___ ═
2025-09-24 13:40:54,195 INFO     ___FILE_ONLY___ ═
2025-09-24 13:40:54,232 INFO     ___FILE_ONLY___ ═
2025-09-24 13:40:54,247 INFO     ___FILE_ONLY___ ═
2025-09-24 13:40:54,259 INFO     ___FILE_ONLY___ ═
2025-09-24 13:40:54,270 INFO     ___FILE_ONLY___ ═
2025-09-24 13:40:54,281 INFO     ___FILE_ONLY___ ═
2025-09-24 13:40:54,292 INFO     ___FILE_ONLY___ ═
2025-09-24 13:40:54,304 INFO     ___FILE_ONLY___ ═
2025-09-24 13:40:54,315 INFO     ___FILE_ONLY___ ═
2025-09-24 13:40:54,325 INFO     ___FILE_ONLY___ ═
2025-09-24 13:40:54,335 INFO     ___FILE_ONLY___ ═
2025-09-24 13:40:54,347 INFO     ___FILE_ONLY___ ═
2025-09-24 13:40:54,360 INFO     ___FILE_ONLY___ ═
2025-09-24 13:40:54,375 INFO     ___FILE_ONLY___ ═
2025-09-24 13:40:54,389 INFO     ___FILE_ONLY___ ═
2025-09-24 13:40:54,405 INFO     ___FILE_ONLY___ ═
2025-09-24 13:40:54,422 INFO     ___FILE_ONLY___ ═
2025-09-24 13:40:54,435 INFO     ___FILE_ONLY___ ═
2025-09-24 13:40:54,452 INFO     ___FILE_ONLY___ ═
2025-09-24 13:40:54,469 INFO     ___FILE_ONLY___ ═
2025-09-24 13:40:54,491 INFO     ___FILE_ONLY___ ═
2025-09-24 13:40:54,509 INFO     ___FILE_ONLY___ ═
2025-09-24 13:40:54,527 INFO     ___FILE_ONLY___ ═
2025-09-24 13:40:54,528 INFO     ___FILE_ONLY___ ╝

2025-09-24 13:40:54,559 INFO     ___FILE_ONLY___ ╔════════════════════════════════════════════════════════════╗

2025-09-24 13:40:54,559 INFO     ___FILE_ONLY___ ╠═ Installing: Cloud Storage Command Line Tool (Platform... ═╣

2025-09-24 13:40:54,559 INFO     ___FILE_ONLY___ ╚
2025-09-24 13:40:54,560 INFO     ___FILE_ONLY___ ════════════════════════════════════════════════════════════
2025-09-24 13:40:54,560 INFO     ___FILE_ONLY___ ╝

2025-09-24 13:40:54,565 INFO     ___FILE_ONLY___ ╔════════════════════════════════════════════════════════════╗

2025-09-24 13:40:54,565 INFO     ___FILE_ONLY___ ╠═ Installing: Default set of gcloud commands               ═╣

2025-09-24 13:40:54,565 INFO     ___FILE_ONLY___ ╚
2025-09-24 13:40:54,567 INFO     ___FILE_ONLY___ ════════════════════════════════════════════════════════════
2025-09-24 13:40:54,568 INFO     ___FILE_ONLY___ ╝

2025-09-24 13:40:54,569 INFO     ___FILE_ONLY___ ╔════════════════════════════════════════════════════════════╗

2025-09-24 13:40:54,569 INFO     ___FILE_ONLY___ ╠═ Installing: Google Cloud CLI Core Libraries (Platform... ═╣

2025-09-24 13:40:54,570 INFO     ___FILE_ONLY___ ╚
2025-09-24 13:40:54,570 INFO     ___FILE_ONLY___ ══════════════════════════════
2025-09-24 13:40:54,571 INFO     ___FILE_ONLY___ ══════════════════════════════
2025-09-24 13:40:54,571 INFO     ___FILE_ONLY___ ╝

2025-09-24 13:40:54,575 INFO     ___FILE_ONLY___ ╔════════════════════════════════════════════════════════════╗

2025-09-24 13:40:54,575 INFO     ___FILE_ONLY___ ╠═ Installing: Google Cloud CRC32C Hash Tool                ═╣

2025-09-24 13:40:54,575 INFO     ___FILE_ONLY___ ╚
2025-09-24 13:40:54,577 INFO     ___FILE_ONLY___ ════════════════════════════════════════════════════════════
2025-09-24 13:40:54,578 INFO     ___FILE_ONLY___ ╝

2025-09-24 13:40:54,579 INFO     ___FILE_ONLY___ ╔════════════════════════════════════════════════════════════╗

2025-09-24 13:40:54,579 INFO     ___FILE_ONLY___ ╠═ Installing: Google Cloud CRC32C Hash Tool (Platform S... ═╣

2025-09-24 13:40:54,580 INFO     ___FILE_ONLY___ ╚
2025-09-24 13:40:54,617 INFO     ___FILE_ONLY___ ══════════════════════════════
2025-09-24 13:40:54,617 INFO     ___FILE_ONLY___ ══════════════════════════════
2025-09-24 13:40:54,617 INFO     ___FILE_ONLY___ ╝

2025-09-24 13:40:54,622 INFO     ___FILE_ONLY___ ╔════════════════════════════════════════════════════════════╗

2025-09-24 13:40:54,622 INFO     ___FILE_ONLY___ ╠═ Installing: gcloud cli dependencies (Platform Specific)  ═╣

2025-09-24 13:40:54,622 INFO     ___FILE_ONLY___ ╚
2025-09-24 13:40:54,623 INFO     ___FILE_ONLY___ ════════════════════════════════════════════════════════════
2025-09-24 13:40:54,623 INFO     ___FILE_ONLY___ ╝

2025-09-24 13:40:54,628 DEBUG    root            Updating notification cache...
2025-09-24 13:40:54,628 INFO     ___FILE_ONLY___ 

2025-09-24 13:40:54,630 INFO     ___FILE_ONLY___ Performing post processing steps...
2025-09-24 13:40:54,630 DEBUG    root            Executing command: ['/tools/google-cloud-sdk/bin/gcloud', 'components', 'post-process']
2025-09-24 13:41:04,644 DEBUG    ___FILE_ONLY___ 
2025-09-24 13:41:04,644 DEBUG    ___FILE_ONLY___ 
2025-09-24 13:41:04,911 INFO     root            descriptor_list: [{'universeDomain': 'googleapis.com', 'universeShortName': '', 'authenticationDomain': 'auth.cloud.google.com', 'projectPrefix': '', 'cloudWebDomain': 'cloud.google.com', 'documentationDomain': 'cloud.google.com', 'version': '1.0.0', 'state': 'primary', 'artifactRegistryDomain': 'pkg.dev'}]
2025-09-24 13:41:04,912 INFO     ___FILE_ONLY___ 
Update done!


2025-09-24 13:41:04,915 DEBUG    root            Chosen display Format:none
2025-09-24 13:41:04,915 INFO     root            Display format: "none"
